CRITICAL - 2023-11-11 00:00:55 --> There is no data to update.
#0 D:\Mata Kuliah sem 5\PADSI\salonkeyla\vendor\codeigniter4\framework\system\BaseModel.php(1574): CodeIgniter\Database\Exceptions\DataException::forEmptyDataset('update')
#1 D:\Mata Kuliah sem 5\PADSI\salonkeyla\vendor\codeigniter4\framework\system\BaseModel.php(832): CodeIgniter\BaseModel->transformDataToArray(NULL, 'update')
#2 D:\Mata Kuliah sem 5\PADSI\salonkeyla\vendor\codeigniter4\framework\system\Model.php(651): CodeIgniter\BaseModel->update(Array, NULL)
#3 D:\Mata Kuliah sem 5\PADSI\salonkeyla\app\Controllers\Pelanggan.php(135): CodeIgniter\Model->update('2')
#4 D:\Mata Kuliah sem 5\PADSI\salonkeyla\vendor\codeigniter4\framework\system\CodeIgniter.php(832): App\Controllers\Pelanggan->update('2')
#5 D:\Mata Kuliah sem 5\PADSI\salonkeyla\vendor\codeigniter4\framework\system\CodeIgniter.php(419): CodeIgniter\CodeIgniter->runController(Object(App\Controllers\Pelanggan))
#6 D:\Mata Kuliah sem 5\PADSI\salonkeyla\vendor\codeigniter4\framework\system\CodeIgniter.php(326): CodeIgniter\CodeIgniter->handleRequest(NULL, Object(Config\Cache), false)
#7 D:\Mata Kuliah sem 5\PADSI\salonkeyla\public\index.php(37): CodeIgniter\CodeIgniter->run()
#8 D:\Mata Kuliah sem 5\PADSI\salonkeyla\vendor\codeigniter4\framework\system\Commands\Server\rewrite.php(43): require_once('D:\\Mata Kuliah ...')
#9 {main}
CRITICAL - 2023-11-11 00:04:31 --> There is no data to update.
#0 D:\Mata Kuliah sem 5\PADSI\salonkeyla\vendor\codeigniter4\framework\system\BaseModel.php(1574): CodeIgniter\Database\Exceptions\DataException::forEmptyDataset('update')
#1 D:\Mata Kuliah sem 5\PADSI\salonkeyla\vendor\codeigniter4\framework\system\BaseModel.php(832): CodeIgniter\BaseModel->transformDataToArray(NULL, 'update')
#2 D:\Mata Kuliah sem 5\PADSI\salonkeyla\vendor\codeigniter4\framework\system\Model.php(651): CodeIgniter\BaseModel->update(Array, NULL)
#3 D:\Mata Kuliah sem 5\PADSI\salonkeyla\app\Controllers\Pelanggan.php(135): CodeIgniter\Model->update('2')
#4 D:\Mata Kuliah sem 5\PADSI\salonkeyla\vendor\codeigniter4\framework\system\CodeIgniter.php(832): App\Controllers\Pelanggan->update('2')
#5 D:\Mata Kuliah sem 5\PADSI\salonkeyla\vendor\codeigniter4\framework\system\CodeIgniter.php(419): CodeIgniter\CodeIgniter->runController(Object(App\Controllers\Pelanggan))
#6 D:\Mata Kuliah sem 5\PADSI\salonkeyla\vendor\codeigniter4\framework\system\CodeIgniter.php(326): CodeIgniter\CodeIgniter->handleRequest(NULL, Object(Config\Cache), false)
#7 D:\Mata Kuliah sem 5\PADSI\salonkeyla\public\index.php(37): CodeIgniter\CodeIgniter->run()
#8 D:\Mata Kuliah sem 5\PADSI\salonkeyla\vendor\codeigniter4\framework\system\Commands\Server\rewrite.php(43): require_once('D:\\Mata Kuliah ...')
#9 {main}
CRITICAL - 2023-11-11 00:04:33 --> There is no data to update.
#0 D:\Mata Kuliah sem 5\PADSI\salonkeyla\vendor\codeigniter4\framework\system\BaseModel.php(1574): CodeIgniter\Database\Exceptions\DataException::forEmptyDataset('update')
#1 D:\Mata Kuliah sem 5\PADSI\salonkeyla\vendor\codeigniter4\framework\system\BaseModel.php(832): CodeIgniter\BaseModel->transformDataToArray(NULL, 'update')
#2 D:\Mata Kuliah sem 5\PADSI\salonkeyla\vendor\codeigniter4\framework\system\Model.php(651): CodeIgniter\BaseModel->update(Array, NULL)
#3 D:\Mata Kuliah sem 5\PADSI\salonkeyla\app\Controllers\Pelanggan.php(135): CodeIgniter\Model->update('2')
#4 D:\Mata Kuliah sem 5\PADSI\salonkeyla\vendor\codeigniter4\framework\system\CodeIgniter.php(832): App\Controllers\Pelanggan->update('2')
#5 D:\Mata Kuliah sem 5\PADSI\salonkeyla\vendor\codeigniter4\framework\system\CodeIgniter.php(419): CodeIgniter\CodeIgniter->runController(Object(App\Controllers\Pelanggan))
#6 D:\Mata Kuliah sem 5\PADSI\salonkeyla\vendor\codeigniter4\framework\system\CodeIgniter.php(326): CodeIgniter\CodeIgniter->handleRequest(NULL, Object(Config\Cache), false)
#7 D:\Mata Kuliah sem 5\PADSI\salonkeyla\public\index.php(37): CodeIgniter\CodeIgniter->run()
#8 D:\Mata Kuliah sem 5\PADSI\salonkeyla\vendor\codeigniter4\framework\system\Commands\Server\rewrite.php(43): require_once('D:\\Mata Kuliah ...')
#9 {main}
CRITICAL - 2023-11-11 00:04:36 --> There is no data to update.
#0 D:\Mata Kuliah sem 5\PADSI\salonkeyla\vendor\codeigniter4\framework\system\BaseModel.php(1574): CodeIgniter\Database\Exceptions\DataException::forEmptyDataset('update')
#1 D:\Mata Kuliah sem 5\PADSI\salonkeyla\vendor\codeigniter4\framework\system\BaseModel.php(832): CodeIgniter\BaseModel->transformDataToArray(NULL, 'update')
#2 D:\Mata Kuliah sem 5\PADSI\salonkeyla\vendor\codeigniter4\framework\system\Model.php(651): CodeIgniter\BaseModel->update(Array, NULL)
#3 D:\Mata Kuliah sem 5\PADSI\salonkeyla\app\Controllers\Pelanggan.php(135): CodeIgniter\Model->update('2')
#4 D:\Mata Kuliah sem 5\PADSI\salonkeyla\vendor\codeigniter4\framework\system\CodeIgniter.php(832): App\Controllers\Pelanggan->update('2')
#5 D:\Mata Kuliah sem 5\PADSI\salonkeyla\vendor\codeigniter4\framework\system\CodeIgniter.php(419): CodeIgniter\CodeIgniter->runController(Object(App\Controllers\Pelanggan))
#6 D:\Mata Kuliah sem 5\PADSI\salonkeyla\vendor\codeigniter4\framework\system\CodeIgniter.php(326): CodeIgniter\CodeIgniter->handleRequest(NULL, Object(Config\Cache), false)
#7 D:\Mata Kuliah sem 5\PADSI\salonkeyla\public\index.php(37): CodeIgniter\CodeIgniter->run()
#8 D:\Mata Kuliah sem 5\PADSI\salonkeyla\vendor\codeigniter4\framework\system\Commands\Server\rewrite.php(43): require_once('D:\\Mata Kuliah ...')
#9 {main}
CRITICAL - 2023-11-11 00:05:20 --> There is no data to update.
#0 D:\Mata Kuliah sem 5\PADSI\salonkeyla\vendor\codeigniter4\framework\system\BaseModel.php(1574): CodeIgniter\Database\Exceptions\DataException::forEmptyDataset('update')
#1 D:\Mata Kuliah sem 5\PADSI\salonkeyla\vendor\codeigniter4\framework\system\BaseModel.php(832): CodeIgniter\BaseModel->transformDataToArray(NULL, 'update')
#2 D:\Mata Kuliah sem 5\PADSI\salonkeyla\vendor\codeigniter4\framework\system\Model.php(651): CodeIgniter\BaseModel->update(Array, NULL)
#3 D:\Mata Kuliah sem 5\PADSI\salonkeyla\app\Controllers\Pelanggan.php(135): CodeIgniter\Model->update('2')
#4 D:\Mata Kuliah sem 5\PADSI\salonkeyla\vendor\codeigniter4\framework\system\CodeIgniter.php(832): App\Controllers\Pelanggan->update('2')
#5 D:\Mata Kuliah sem 5\PADSI\salonkeyla\vendor\codeigniter4\framework\system\CodeIgniter.php(419): CodeIgniter\CodeIgniter->runController(Object(App\Controllers\Pelanggan))
#6 D:\Mata Kuliah sem 5\PADSI\salonkeyla\vendor\codeigniter4\framework\system\CodeIgniter.php(326): CodeIgniter\CodeIgniter->handleRequest(NULL, Object(Config\Cache), false)
#7 D:\Mata Kuliah sem 5\PADSI\salonkeyla\public\index.php(37): CodeIgniter\CodeIgniter->run()
#8 D:\Mata Kuliah sem 5\PADSI\salonkeyla\vendor\codeigniter4\framework\system\Commands\Server\rewrite.php(43): require_once('D:\\Mata Kuliah ...')
#9 {main}
CRITICAL - 2023-11-11 00:05:23 --> There is no data to update.
#0 D:\Mata Kuliah sem 5\PADSI\salonkeyla\vendor\codeigniter4\framework\system\BaseModel.php(1574): CodeIgniter\Database\Exceptions\DataException::forEmptyDataset('update')
#1 D:\Mata Kuliah sem 5\PADSI\salonkeyla\vendor\codeigniter4\framework\system\BaseModel.php(832): CodeIgniter\BaseModel->transformDataToArray(NULL, 'update')
#2 D:\Mata Kuliah sem 5\PADSI\salonkeyla\vendor\codeigniter4\framework\system\Model.php(651): CodeIgniter\BaseModel->update(Array, NULL)
#3 D:\Mata Kuliah sem 5\PADSI\salonkeyla\app\Controllers\Pelanggan.php(135): CodeIgniter\Model->update('2')
#4 D:\Mata Kuliah sem 5\PADSI\salonkeyla\vendor\codeigniter4\framework\system\CodeIgniter.php(832): App\Controllers\Pelanggan->update('2')
#5 D:\Mata Kuliah sem 5\PADSI\salonkeyla\vendor\codeigniter4\framework\system\CodeIgniter.php(419): CodeIgniter\CodeIgniter->runController(Object(App\Controllers\Pelanggan))
#6 D:\Mata Kuliah sem 5\PADSI\salonkeyla\vendor\codeigniter4\framework\system\CodeIgniter.php(326): CodeIgniter\CodeIgniter->handleRequest(NULL, Object(Config\Cache), false)
#7 D:\Mata Kuliah sem 5\PADSI\salonkeyla\public\index.php(37): CodeIgniter\CodeIgniter->run()
#8 D:\Mata Kuliah sem 5\PADSI\salonkeyla\vendor\codeigniter4\framework\system\Commands\Server\rewrite.php(43): require_once('D:\\Mata Kuliah ...')
#9 {main}
CRITICAL - 2023-11-11 00:12:06 --> There is no data to update.
#0 D:\Mata Kuliah sem 5\PADSI\salonkeyla\vendor\codeigniter4\framework\system\BaseModel.php(1574): CodeIgniter\Database\Exceptions\DataException::forEmptyDataset('update')
#1 D:\Mata Kuliah sem 5\PADSI\salonkeyla\vendor\codeigniter4\framework\system\BaseModel.php(832): CodeIgniter\BaseModel->transformDataToArray(NULL, 'update')
#2 D:\Mata Kuliah sem 5\PADSI\salonkeyla\vendor\codeigniter4\framework\system\Model.php(651): CodeIgniter\BaseModel->update(Array, NULL)
#3 D:\Mata Kuliah sem 5\PADSI\salonkeyla\app\Controllers\Pelanggan.php(135): CodeIgniter\Model->update('2')
#4 D:\Mata Kuliah sem 5\PADSI\salonkeyla\vendor\codeigniter4\framework\system\CodeIgniter.php(832): App\Controllers\Pelanggan->update('2')
#5 D:\Mata Kuliah sem 5\PADSI\salonkeyla\vendor\codeigniter4\framework\system\CodeIgniter.php(419): CodeIgniter\CodeIgniter->runController(Object(App\Controllers\Pelanggan))
#6 D:\Mata Kuliah sem 5\PADSI\salonkeyla\vendor\codeigniter4\framework\system\CodeIgniter.php(326): CodeIgniter\CodeIgniter->handleRequest(NULL, Object(Config\Cache), false)
#7 D:\Mata Kuliah sem 5\PADSI\salonkeyla\public\index.php(37): CodeIgniter\CodeIgniter->run()
#8 D:\Mata Kuliah sem 5\PADSI\salonkeyla\vendor\codeigniter4\framework\system\Commands\Server\rewrite.php(43): require_once('D:\\Mata Kuliah ...')
#9 {main}
CRITICAL - 2023-11-11 00:20:20 --> There is no data to update.
#0 D:\Mata Kuliah sem 5\PADSI\salonkeyla\vendor\codeigniter4\framework\system\BaseModel.php(1574): CodeIgniter\Database\Exceptions\DataException::forEmptyDataset('update')
#1 D:\Mata Kuliah sem 5\PADSI\salonkeyla\vendor\codeigniter4\framework\system\BaseModel.php(832): CodeIgniter\BaseModel->transformDataToArray(NULL, 'update')
#2 D:\Mata Kuliah sem 5\PADSI\salonkeyla\vendor\codeigniter4\framework\system\Model.php(651): CodeIgniter\BaseModel->update(Array, NULL)
#3 D:\Mata Kuliah sem 5\PADSI\salonkeyla\app\Controllers\Pelanggan.php(135): CodeIgniter\Model->update('2')
#4 D:\Mata Kuliah sem 5\PADSI\salonkeyla\vendor\codeigniter4\framework\system\CodeIgniter.php(832): App\Controllers\Pelanggan->update('2')
#5 D:\Mata Kuliah sem 5\PADSI\salonkeyla\vendor\codeigniter4\framework\system\CodeIgniter.php(419): CodeIgniter\CodeIgniter->runController(Object(App\Controllers\Pelanggan))
#6 D:\Mata Kuliah sem 5\PADSI\salonkeyla\vendor\codeigniter4\framework\system\CodeIgniter.php(326): CodeIgniter\CodeIgniter->handleRequest(NULL, Object(Config\Cache), false)
#7 D:\Mata Kuliah sem 5\PADSI\salonkeyla\public\index.php(37): CodeIgniter\CodeIgniter->run()
#8 D:\Mata Kuliah sem 5\PADSI\salonkeyla\vendor\codeigniter4\framework\system\Commands\Server\rewrite.php(43): require_once('D:\\Mata Kuliah ...')
#9 {main}
CRITICAL - 2023-11-11 00:20:28 --> There is no data to update.
#0 D:\Mata Kuliah sem 5\PADSI\salonkeyla\vendor\codeigniter4\framework\system\BaseModel.php(1574): CodeIgniter\Database\Exceptions\DataException::forEmptyDataset('update')
#1 D:\Mata Kuliah sem 5\PADSI\salonkeyla\vendor\codeigniter4\framework\system\BaseModel.php(832): CodeIgniter\BaseModel->transformDataToArray(NULL, 'update')
#2 D:\Mata Kuliah sem 5\PADSI\salonkeyla\vendor\codeigniter4\framework\system\Model.php(651): CodeIgniter\BaseModel->update(Array, NULL)
#3 D:\Mata Kuliah sem 5\PADSI\salonkeyla\app\Controllers\Pelanggan.php(135): CodeIgniter\Model->update('2')
#4 D:\Mata Kuliah sem 5\PADSI\salonkeyla\vendor\codeigniter4\framework\system\CodeIgniter.php(832): App\Controllers\Pelanggan->update('2')
#5 D:\Mata Kuliah sem 5\PADSI\salonkeyla\vendor\codeigniter4\framework\system\CodeIgniter.php(419): CodeIgniter\CodeIgniter->runController(Object(App\Controllers\Pelanggan))
#6 D:\Mata Kuliah sem 5\PADSI\salonkeyla\vendor\codeigniter4\framework\system\CodeIgniter.php(326): CodeIgniter\CodeIgniter->handleRequest(NULL, Object(Config\Cache), false)
#7 D:\Mata Kuliah sem 5\PADSI\salonkeyla\public\index.php(37): CodeIgniter\CodeIgniter->run()
#8 D:\Mata Kuliah sem 5\PADSI\salonkeyla\vendor\codeigniter4\framework\system\Commands\Server\rewrite.php(43): require_once('D:\\Mata Kuliah ...')
#9 {main}
CRITICAL - 2023-11-11 00:20:31 --> There is no data to update.
#0 D:\Mata Kuliah sem 5\PADSI\salonkeyla\vendor\codeigniter4\framework\system\BaseModel.php(1574): CodeIgniter\Database\Exceptions\DataException::forEmptyDataset('update')
#1 D:\Mata Kuliah sem 5\PADSI\salonkeyla\vendor\codeigniter4\framework\system\BaseModel.php(832): CodeIgniter\BaseModel->transformDataToArray(NULL, 'update')
#2 D:\Mata Kuliah sem 5\PADSI\salonkeyla\vendor\codeigniter4\framework\system\Model.php(651): CodeIgniter\BaseModel->update(Array, NULL)
#3 D:\Mata Kuliah sem 5\PADSI\salonkeyla\app\Controllers\Pelanggan.php(135): CodeIgniter\Model->update('2')
#4 D:\Mata Kuliah sem 5\PADSI\salonkeyla\vendor\codeigniter4\framework\system\CodeIgniter.php(832): App\Controllers\Pelanggan->update('2')
#5 D:\Mata Kuliah sem 5\PADSI\salonkeyla\vendor\codeigniter4\framework\system\CodeIgniter.php(419): CodeIgniter\CodeIgniter->runController(Object(App\Controllers\Pelanggan))
#6 D:\Mata Kuliah sem 5\PADSI\salonkeyla\vendor\codeigniter4\framework\system\CodeIgniter.php(326): CodeIgniter\CodeIgniter->handleRequest(NULL, Object(Config\Cache), false)
#7 D:\Mata Kuliah sem 5\PADSI\salonkeyla\public\index.php(37): CodeIgniter\CodeIgniter->run()
#8 D:\Mata Kuliah sem 5\PADSI\salonkeyla\vendor\codeigniter4\framework\system\Commands\Server\rewrite.php(43): require_once('D:\\Mata Kuliah ...')
#9 {main}
CRITICAL - 2023-11-11 00:25:40 --> Invalid file: pelanggan/edit/.php
#0 D:\Mata Kuliah sem 5\PADSI\salonkeyla\vendor\codeigniter4\framework\system\View\View.php(198): CodeIgniter\Exceptions\FrameworkException::forInvalidFile('pelanggan/edit/...')
#1 D:\Mata Kuliah sem 5\PADSI\salonkeyla\vendor\codeigniter4\framework\system\Common.php(1089): CodeIgniter\View\View->render('pelanggan/edit/', Array, true)
#2 D:\Mata Kuliah sem 5\PADSI\salonkeyla\app\Controllers\Pelanggan.php(100): view('pelanggan/edit/', Array)
#3 D:\Mata Kuliah sem 5\PADSI\salonkeyla\vendor\codeigniter4\framework\system\CodeIgniter.php(832): App\Controllers\Pelanggan->edit('2')
#4 D:\Mata Kuliah sem 5\PADSI\salonkeyla\vendor\codeigniter4\framework\system\CodeIgniter.php(419): CodeIgniter\CodeIgniter->runController(Object(App\Controllers\Pelanggan))
#5 D:\Mata Kuliah sem 5\PADSI\salonkeyla\vendor\codeigniter4\framework\system\CodeIgniter.php(326): CodeIgniter\CodeIgniter->handleRequest(NULL, Object(Config\Cache), false)
#6 D:\Mata Kuliah sem 5\PADSI\salonkeyla\public\index.php(37): CodeIgniter\CodeIgniter->run()
#7 D:\Mata Kuliah sem 5\PADSI\salonkeyla\vendor\codeigniter4\framework\system\Commands\Server\rewrite.php(43): require_once('D:\\Mata Kuliah ...')
#8 {main}
CRITICAL - 2023-11-11 00:32:45 --> There is no data to update.
#0 D:\Mata Kuliah sem 5\PADSI\salonkeyla\vendor\codeigniter4\framework\system\BaseModel.php(1574): CodeIgniter\Database\Exceptions\DataException::forEmptyDataset('update')
#1 D:\Mata Kuliah sem 5\PADSI\salonkeyla\vendor\codeigniter4\framework\system\BaseModel.php(832): CodeIgniter\BaseModel->transformDataToArray(NULL, 'update')
#2 D:\Mata Kuliah sem 5\PADSI\salonkeyla\vendor\codeigniter4\framework\system\Model.php(651): CodeIgniter\BaseModel->update(Array, NULL)
#3 D:\Mata Kuliah sem 5\PADSI\salonkeyla\app\Controllers\Pelanggan.php(136): CodeIgniter\Model->update('2')
#4 D:\Mata Kuliah sem 5\PADSI\salonkeyla\vendor\codeigniter4\framework\system\CodeIgniter.php(832): App\Controllers\Pelanggan->update('2')
#5 D:\Mata Kuliah sem 5\PADSI\salonkeyla\vendor\codeigniter4\framework\system\CodeIgniter.php(419): CodeIgniter\CodeIgniter->runController(Object(App\Controllers\Pelanggan))
#6 D:\Mata Kuliah sem 5\PADSI\salonkeyla\vendor\codeigniter4\framework\system\CodeIgniter.php(326): CodeIgniter\CodeIgniter->handleRequest(NULL, Object(Config\Cache), false)
#7 D:\Mata Kuliah sem 5\PADSI\salonkeyla\public\index.php(37): CodeIgniter\CodeIgniter->run()
#8 D:\Mata Kuliah sem 5\PADSI\salonkeyla\vendor\codeigniter4\framework\system\Commands\Server\rewrite.php(43): require_once('D:\\Mata Kuliah ...')
#9 {main}
CRITICAL - 2023-11-11 00:41:12 --> There is no data to update.
#0 D:\Mata Kuliah sem 5\PADSI\salonkeyla\vendor\codeigniter4\framework\system\BaseModel.php(1574): CodeIgniter\Database\Exceptions\DataException::forEmptyDataset('update')
#1 D:\Mata Kuliah sem 5\PADSI\salonkeyla\vendor\codeigniter4\framework\system\BaseModel.php(832): CodeIgniter\BaseModel->transformDataToArray(NULL, 'update')
#2 D:\Mata Kuliah sem 5\PADSI\salonkeyla\vendor\codeigniter4\framework\system\Model.php(651): CodeIgniter\BaseModel->update(Array, NULL)
#3 D:\Mata Kuliah sem 5\PADSI\salonkeyla\app\Controllers\Pelanggan.php(137): CodeIgniter\Model->update('2')
#4 D:\Mata Kuliah sem 5\PADSI\salonkeyla\vendor\codeigniter4\framework\system\CodeIgniter.php(832): App\Controllers\Pelanggan->update('2')
#5 D:\Mata Kuliah sem 5\PADSI\salonkeyla\vendor\codeigniter4\framework\system\CodeIgniter.php(419): CodeIgniter\CodeIgniter->runController(Object(App\Controllers\Pelanggan))
#6 D:\Mata Kuliah sem 5\PADSI\salonkeyla\vendor\codeigniter4\framework\system\CodeIgniter.php(326): CodeIgniter\CodeIgniter->handleRequest(NULL, Object(Config\Cache), false)
#7 D:\Mata Kuliah sem 5\PADSI\salonkeyla\public\index.php(37): CodeIgniter\CodeIgniter->run()
#8 D:\Mata Kuliah sem 5\PADSI\salonkeyla\vendor\codeigniter4\framework\system\Commands\Server\rewrite.php(43): require_once('D:\\Mata Kuliah ...')
#9 {main}
CRITICAL - 2023-11-11 01:22:36 --> Too few arguments to function App\Controllers\Users::update(), 0 passed in D:\Mata Kuliah sem 5\PADSI\salonkeyla\vendor\codeigniter4\framework\system\CodeIgniter.php on line 832 and exactly 1 expected
#0 D:\Mata Kuliah sem 5\PADSI\salonkeyla\vendor\codeigniter4\framework\system\CodeIgniter.php(832): App\Controllers\Users->update()
#1 D:\Mata Kuliah sem 5\PADSI\salonkeyla\vendor\codeigniter4\framework\system\CodeIgniter.php(419): CodeIgniter\CodeIgniter->runController(Object(App\Controllers\Users))
#2 D:\Mata Kuliah sem 5\PADSI\salonkeyla\vendor\codeigniter4\framework\system\CodeIgniter.php(326): CodeIgniter\CodeIgniter->handleRequest(NULL, Object(Config\Cache), false)
#3 D:\Mata Kuliah sem 5\PADSI\salonkeyla\public\index.php(37): CodeIgniter\CodeIgniter->run()
#4 D:\Mata Kuliah sem 5\PADSI\salonkeyla\vendor\codeigniter4\framework\system\Commands\Server\rewrite.php(43): require_once('D:\\Mata Kuliah ...')
#5 {main}
CRITICAL - 2023-11-11 01:28:23 --> Too few arguments to function App\Controllers\Users::update(), 0 passed in D:\Mata Kuliah sem 5\PADSI\salonkeyla\vendor\codeigniter4\framework\system\CodeIgniter.php on line 832 and exactly 1 expected
#0 D:\Mata Kuliah sem 5\PADSI\salonkeyla\vendor\codeigniter4\framework\system\CodeIgniter.php(832): App\Controllers\Users->update()
#1 D:\Mata Kuliah sem 5\PADSI\salonkeyla\vendor\codeigniter4\framework\system\CodeIgniter.php(419): CodeIgniter\CodeIgniter->runController(Object(App\Controllers\Users))
#2 D:\Mata Kuliah sem 5\PADSI\salonkeyla\vendor\codeigniter4\framework\system\CodeIgniter.php(326): CodeIgniter\CodeIgniter->handleRequest(NULL, Object(Config\Cache), false)
#3 D:\Mata Kuliah sem 5\PADSI\salonkeyla\public\index.php(37): CodeIgniter\CodeIgniter->run()
#4 D:\Mata Kuliah sem 5\PADSI\salonkeyla\vendor\codeigniter4\framework\system\Commands\Server\rewrite.php(43): require_once('D:\\Mata Kuliah ...')
#5 {main}
CRITICAL - 2023-11-11 01:28:23 --> Too few arguments to function App\Controllers\Users::update(), 0 passed in D:\Mata Kuliah sem 5\PADSI\salonkeyla\vendor\codeigniter4\framework\system\CodeIgniter.php on line 832 and exactly 1 expected
#0 D:\Mata Kuliah sem 5\PADSI\salonkeyla\vendor\codeigniter4\framework\system\CodeIgniter.php(832): App\Controllers\Users->update()
#1 D:\Mata Kuliah sem 5\PADSI\salonkeyla\vendor\codeigniter4\framework\system\CodeIgniter.php(419): CodeIgniter\CodeIgniter->runController(Object(App\Controllers\Users))
#2 D:\Mata Kuliah sem 5\PADSI\salonkeyla\vendor\codeigniter4\framework\system\CodeIgniter.php(326): CodeIgniter\CodeIgniter->handleRequest(NULL, Object(Config\Cache), false)
#3 D:\Mata Kuliah sem 5\PADSI\salonkeyla\public\index.php(37): CodeIgniter\CodeIgniter->run()
#4 D:\Mata Kuliah sem 5\PADSI\salonkeyla\vendor\codeigniter4\framework\system\Commands\Server\rewrite.php(43): require_once('D:\\Mata Kuliah ...')
#5 {main}
CRITICAL - 2023-11-11 01:28:24 --> Too few arguments to function App\Controllers\Users::update(), 0 passed in D:\Mata Kuliah sem 5\PADSI\salonkeyla\vendor\codeigniter4\framework\system\CodeIgniter.php on line 832 and exactly 1 expected
#0 D:\Mata Kuliah sem 5\PADSI\salonkeyla\vendor\codeigniter4\framework\system\CodeIgniter.php(832): App\Controllers\Users->update()
#1 D:\Mata Kuliah sem 5\PADSI\salonkeyla\vendor\codeigniter4\framework\system\CodeIgniter.php(419): CodeIgniter\CodeIgniter->runController(Object(App\Controllers\Users))
#2 D:\Mata Kuliah sem 5\PADSI\salonkeyla\vendor\codeigniter4\framework\system\CodeIgniter.php(326): CodeIgniter\CodeIgniter->handleRequest(NULL, Object(Config\Cache), false)
#3 D:\Mata Kuliah sem 5\PADSI\salonkeyla\public\index.php(37): CodeIgniter\CodeIgniter->run()
#4 D:\Mata Kuliah sem 5\PADSI\salonkeyla\vendor\codeigniter4\framework\system\Commands\Server\rewrite.php(43): require_once('D:\\Mata Kuliah ...')
#5 {main}
CRITICAL - 2023-11-11 01:28:24 --> Too few arguments to function App\Controllers\Users::update(), 0 passed in D:\Mata Kuliah sem 5\PADSI\salonkeyla\vendor\codeigniter4\framework\system\CodeIgniter.php on line 832 and exactly 1 expected
#0 D:\Mata Kuliah sem 5\PADSI\salonkeyla\vendor\codeigniter4\framework\system\CodeIgniter.php(832): App\Controllers\Users->update()
#1 D:\Mata Kuliah sem 5\PADSI\salonkeyla\vendor\codeigniter4\framework\system\CodeIgniter.php(419): CodeIgniter\CodeIgniter->runController(Object(App\Controllers\Users))
#2 D:\Mata Kuliah sem 5\PADSI\salonkeyla\vendor\codeigniter4\framework\system\CodeIgniter.php(326): CodeIgniter\CodeIgniter->handleRequest(NULL, Object(Config\Cache), false)
#3 D:\Mata Kuliah sem 5\PADSI\salonkeyla\public\index.php(37): CodeIgniter\CodeIgniter->run()
#4 D:\Mata Kuliah sem 5\PADSI\salonkeyla\vendor\codeigniter4\framework\system\Commands\Server\rewrite.php(43): require_once('D:\\Mata Kuliah ...')
#5 {main}
CRITICAL - 2023-11-11 01:33:41 --> Too few arguments to function App\Controllers\Users::update(), 0 passed in D:\Mata Kuliah sem 5\PADSI\salonkeyla\vendor\codeigniter4\framework\system\CodeIgniter.php on line 832 and exactly 1 expected
#0 D:\Mata Kuliah sem 5\PADSI\salonkeyla\vendor\codeigniter4\framework\system\CodeIgniter.php(832): App\Controllers\Users->update()
#1 D:\Mata Kuliah sem 5\PADSI\salonkeyla\vendor\codeigniter4\framework\system\CodeIgniter.php(419): CodeIgniter\CodeIgniter->runController(Object(App\Controllers\Users))
#2 D:\Mata Kuliah sem 5\PADSI\salonkeyla\vendor\codeigniter4\framework\system\CodeIgniter.php(326): CodeIgniter\CodeIgniter->handleRequest(NULL, Object(Config\Cache), false)
#3 D:\Mata Kuliah sem 5\PADSI\salonkeyla\public\index.php(37): CodeIgniter\CodeIgniter->run()
#4 D:\Mata Kuliah sem 5\PADSI\salonkeyla\vendor\codeigniter4\framework\system\Commands\Server\rewrite.php(43): require_once('D:\\Mata Kuliah ...')
#5 {main}
CRITICAL - 2023-11-11 01:35:50 --> Undefined index: id
#0 D:\Mata Kuliah sem 5\PADSI\salonkeyla\app\Views\users\update.php(26): CodeIgniter\Debug\Exceptions->errorHandler(8, 'Undefined index...', 'D:\\Mata Kuliah ...', 26, Array)
#1 D:\Mata Kuliah sem 5\PADSI\salonkeyla\vendor\codeigniter4\framework\system\View\View.php(210): include('D:\\Mata Kuliah ...')
#2 D:\Mata Kuliah sem 5\PADSI\salonkeyla\vendor\codeigniter4\framework\system\View\View.php(213): CodeIgniter\View\View->CodeIgniter\View\{closure}()
#3 D:\Mata Kuliah sem 5\PADSI\salonkeyla\vendor\codeigniter4\framework\system\Common.php(1089): CodeIgniter\View\View->render('users/update', Array, true)
#4 D:\Mata Kuliah sem 5\PADSI\salonkeyla\app\Controllers\Users.php(145): view('users/update', Array)
#5 D:\Mata Kuliah sem 5\PADSI\salonkeyla\vendor\codeigniter4\framework\system\CodeIgniter.php(832): App\Controllers\Users->edit('9')
#6 D:\Mata Kuliah sem 5\PADSI\salonkeyla\vendor\codeigniter4\framework\system\CodeIgniter.php(419): CodeIgniter\CodeIgniter->runController(Object(App\Controllers\Users))
#7 D:\Mata Kuliah sem 5\PADSI\salonkeyla\vendor\codeigniter4\framework\system\CodeIgniter.php(326): CodeIgniter\CodeIgniter->handleRequest(NULL, Object(Config\Cache), false)
#8 D:\Mata Kuliah sem 5\PADSI\salonkeyla\public\index.php(37): CodeIgniter\CodeIgniter->run()
#9 D:\Mata Kuliah sem 5\PADSI\salonkeyla\vendor\codeigniter4\framework\system\Commands\Server\rewrite.php(43): require_once('D:\\Mata Kuliah ...')
#10 {main}
CRITICAL - 2023-11-11 03:06:47 --> Undefined index: username
#0 D:\Mata Kuliah sem 5\PADSI\salonkeyla\app\Views\users\update.php(66): CodeIgniter\Debug\Exceptions->errorHandler(8, 'Undefined index...', 'D:\\Mata Kuliah ...', 66, Array)
#1 D:\Mata Kuliah sem 5\PADSI\salonkeyla\vendor\codeigniter4\framework\system\View\View.php(210): include('D:\\Mata Kuliah ...')
#2 D:\Mata Kuliah sem 5\PADSI\salonkeyla\vendor\codeigniter4\framework\system\View\View.php(213): CodeIgniter\View\View->CodeIgniter\View\{closure}()
#3 D:\Mata Kuliah sem 5\PADSI\salonkeyla\vendor\codeigniter4\framework\system\Common.php(1089): CodeIgniter\View\View->render('users/update', Array, true)
#4 D:\Mata Kuliah sem 5\PADSI\salonkeyla\app\Controllers\Users.php(145): view('users/update', Array)
#5 D:\Mata Kuliah sem 5\PADSI\salonkeyla\vendor\codeigniter4\framework\system\CodeIgniter.php(832): App\Controllers\Users->edit('9')
#6 D:\Mata Kuliah sem 5\PADSI\salonkeyla\vendor\codeigniter4\framework\system\CodeIgniter.php(419): CodeIgniter\CodeIgniter->runController(Object(App\Controllers\Users))
#7 D:\Mata Kuliah sem 5\PADSI\salonkeyla\vendor\codeigniter4\framework\system\CodeIgniter.php(326): CodeIgniter\CodeIgniter->handleRequest(NULL, Object(Config\Cache), false)
#8 D:\Mata Kuliah sem 5\PADSI\salonkeyla\public\index.php(37): CodeIgniter\CodeIgniter->run()
#9 D:\Mata Kuliah sem 5\PADSI\salonkeyla\vendor\codeigniter4\framework\system\Commands\Server\rewrite.php(43): require_once('D:\\Mata Kuliah ...')
#10 {main}
CRITICAL - 2023-11-11 03:07:33 --> Undefined index: email
#0 D:\Mata Kuliah sem 5\PADSI\salonkeyla\app\Views\users\update.php(78): CodeIgniter\Debug\Exceptions->errorHandler(8, 'Undefined index...', 'D:\\Mata Kuliah ...', 78, Array)
#1 D:\Mata Kuliah sem 5\PADSI\salonkeyla\vendor\codeigniter4\framework\system\View\View.php(210): include('D:\\Mata Kuliah ...')
#2 D:\Mata Kuliah sem 5\PADSI\salonkeyla\vendor\codeigniter4\framework\system\View\View.php(213): CodeIgniter\View\View->CodeIgniter\View\{closure}()
#3 D:\Mata Kuliah sem 5\PADSI\salonkeyla\vendor\codeigniter4\framework\system\Common.php(1089): CodeIgniter\View\View->render('users/update', Array, true)
#4 D:\Mata Kuliah sem 5\PADSI\salonkeyla\app\Controllers\Users.php(145): view('users/update', Array)
#5 D:\Mata Kuliah sem 5\PADSI\salonkeyla\vendor\codeigniter4\framework\system\CodeIgniter.php(832): App\Controllers\Users->edit('9')
#6 D:\Mata Kuliah sem 5\PADSI\salonkeyla\vendor\codeigniter4\framework\system\CodeIgniter.php(419): CodeIgniter\CodeIgniter->runController(Object(App\Controllers\Users))
#7 D:\Mata Kuliah sem 5\PADSI\salonkeyla\vendor\codeigniter4\framework\system\CodeIgniter.php(326): CodeIgniter\CodeIgniter->handleRequest(NULL, Object(Config\Cache), false)
#8 D:\Mata Kuliah sem 5\PADSI\salonkeyla\public\index.php(37): CodeIgniter\CodeIgniter->run()
#9 D:\Mata Kuliah sem 5\PADSI\salonkeyla\vendor\codeigniter4\framework\system\Commands\Server\rewrite.php(43): require_once('D:\\Mata Kuliah ...')
#10 {main}
CRITICAL - 2023-11-11 04:49:07 --> Undefined index: Nama_Pelanggan
#0 D:\Mata Kuliah sem 5\PADSI\salonkeyla\app\Views\pelanggan\index.php(72): CodeIgniter\Debug\Exceptions->errorHandler(8, 'Undefined index...', 'D:\\Mata Kuliah ...', 72, Array)
#1 D:\Mata Kuliah sem 5\PADSI\salonkeyla\vendor\codeigniter4\framework\system\View\View.php(210): include('D:\\Mata Kuliah ...')
#2 D:\Mata Kuliah sem 5\PADSI\salonkeyla\vendor\codeigniter4\framework\system\View\View.php(213): CodeIgniter\View\View->CodeIgniter\View\{closure}()
#3 D:\Mata Kuliah sem 5\PADSI\salonkeyla\vendor\codeigniter4\framework\system\Common.php(1089): CodeIgniter\View\View->render('pelanggan/index', Array, true)
#4 D:\Mata Kuliah sem 5\PADSI\salonkeyla\app\Controllers\Layanan.php(24): view('pelanggan/index', Array)
#5 D:\Mata Kuliah sem 5\PADSI\salonkeyla\vendor\codeigniter4\framework\system\CodeIgniter.php(832): App\Controllers\Layanan->index()
#6 D:\Mata Kuliah sem 5\PADSI\salonkeyla\vendor\codeigniter4\framework\system\CodeIgniter.php(419): CodeIgniter\CodeIgniter->runController(Object(App\Controllers\Layanan))
#7 D:\Mata Kuliah sem 5\PADSI\salonkeyla\vendor\codeigniter4\framework\system\CodeIgniter.php(326): CodeIgniter\CodeIgniter->handleRequest(NULL, Object(Config\Cache), false)
#8 D:\Mata Kuliah sem 5\PADSI\salonkeyla\public\index.php(37): CodeIgniter\CodeIgniter->run()
#9 D:\Mata Kuliah sem 5\PADSI\salonkeyla\vendor\codeigniter4\framework\system\Commands\Server\rewrite.php(43): require_once('D:\\Mata Kuliah ...')
#10 {main}
CRITICAL - 2023-11-11 04:49:44 --> Undefined index: Nama_Pelanggan
#0 D:\Mata Kuliah sem 5\PADSI\salonkeyla\app\Views\pelanggan\index.php(72): CodeIgniter\Debug\Exceptions->errorHandler(8, 'Undefined index...', 'D:\\Mata Kuliah ...', 72, Array)
#1 D:\Mata Kuliah sem 5\PADSI\salonkeyla\vendor\codeigniter4\framework\system\View\View.php(210): include('D:\\Mata Kuliah ...')
#2 D:\Mata Kuliah sem 5\PADSI\salonkeyla\vendor\codeigniter4\framework\system\View\View.php(213): CodeIgniter\View\View->CodeIgniter\View\{closure}()
#3 D:\Mata Kuliah sem 5\PADSI\salonkeyla\vendor\codeigniter4\framework\system\Common.php(1089): CodeIgniter\View\View->render('pelanggan/index', Array, true)
#4 D:\Mata Kuliah sem 5\PADSI\salonkeyla\app\Controllers\Layanan.php(24): view('pelanggan/index', Array)
#5 D:\Mata Kuliah sem 5\PADSI\salonkeyla\vendor\codeigniter4\framework\system\CodeIgniter.php(832): App\Controllers\Layanan->index()
#6 D:\Mata Kuliah sem 5\PADSI\salonkeyla\vendor\codeigniter4\framework\system\CodeIgniter.php(419): CodeIgniter\CodeIgniter->runController(Object(App\Controllers\Layanan))
#7 D:\Mata Kuliah sem 5\PADSI\salonkeyla\vendor\codeigniter4\framework\system\CodeIgniter.php(326): CodeIgniter\CodeIgniter->handleRequest(NULL, Object(Config\Cache), false)
#8 D:\Mata Kuliah sem 5\PADSI\salonkeyla\public\index.php(37): CodeIgniter\CodeIgniter->run()
#9 D:\Mata Kuliah sem 5\PADSI\salonkeyla\vendor\codeigniter4\framework\system\Commands\Server\rewrite.php(43): require_once('D:\\Mata Kuliah ...')
#10 {main}
CRITICAL - 2023-11-11 04:52:15 --> Undefined index: Nama_Pelanggan
#0 D:\Mata Kuliah sem 5\PADSI\salonkeyla\app\Views\pelanggan\index.php(72): CodeIgniter\Debug\Exceptions->errorHandler(8, 'Undefined index...', 'D:\\Mata Kuliah ...', 72, Array)
#1 D:\Mata Kuliah sem 5\PADSI\salonkeyla\vendor\codeigniter4\framework\system\View\View.php(210): include('D:\\Mata Kuliah ...')
#2 D:\Mata Kuliah sem 5\PADSI\salonkeyla\vendor\codeigniter4\framework\system\View\View.php(213): CodeIgniter\View\View->CodeIgniter\View\{closure}()
#3 D:\Mata Kuliah sem 5\PADSI\salonkeyla\vendor\codeigniter4\framework\system\Common.php(1089): CodeIgniter\View\View->render('pelanggan/index', Array, true)
#4 D:\Mata Kuliah sem 5\PADSI\salonkeyla\app\Controllers\Layanan.php(24): view('pelanggan/index', Array)
#5 D:\Mata Kuliah sem 5\PADSI\salonkeyla\vendor\codeigniter4\framework\system\CodeIgniter.php(832): App\Controllers\Layanan->index()
#6 D:\Mata Kuliah sem 5\PADSI\salonkeyla\vendor\codeigniter4\framework\system\CodeIgniter.php(419): CodeIgniter\CodeIgniter->runController(Object(App\Controllers\Layanan))
#7 D:\Mata Kuliah sem 5\PADSI\salonkeyla\vendor\codeigniter4\framework\system\CodeIgniter.php(326): CodeIgniter\CodeIgniter->handleRequest(NULL, Object(Config\Cache), false)
#8 D:\Mata Kuliah sem 5\PADSI\salonkeyla\public\index.php(37): CodeIgniter\CodeIgniter->run()
#9 D:\Mata Kuliah sem 5\PADSI\salonkeyla\vendor\codeigniter4\framework\system\Commands\Server\rewrite.php(43): require_once('D:\\Mata Kuliah ...')
#10 {main}
CRITICAL - 2023-11-11 04:52:19 --> Undefined index: Nama_Pelanggan
#0 D:\Mata Kuliah sem 5\PADSI\salonkeyla\app\Views\pelanggan\index.php(72): CodeIgniter\Debug\Exceptions->errorHandler(8, 'Undefined index...', 'D:\\Mata Kuliah ...', 72, Array)
#1 D:\Mata Kuliah sem 5\PADSI\salonkeyla\vendor\codeigniter4\framework\system\View\View.php(210): include('D:\\Mata Kuliah ...')
#2 D:\Mata Kuliah sem 5\PADSI\salonkeyla\vendor\codeigniter4\framework\system\View\View.php(213): CodeIgniter\View\View->CodeIgniter\View\{closure}()
#3 D:\Mata Kuliah sem 5\PADSI\salonkeyla\vendor\codeigniter4\framework\system\Common.php(1089): CodeIgniter\View\View->render('pelanggan/index', Array, true)
#4 D:\Mata Kuliah sem 5\PADSI\salonkeyla\app\Controllers\Layanan.php(24): view('pelanggan/index', Array)
#5 D:\Mata Kuliah sem 5\PADSI\salonkeyla\vendor\codeigniter4\framework\system\CodeIgniter.php(832): App\Controllers\Layanan->index()
#6 D:\Mata Kuliah sem 5\PADSI\salonkeyla\vendor\codeigniter4\framework\system\CodeIgniter.php(419): CodeIgniter\CodeIgniter->runController(Object(App\Controllers\Layanan))
#7 D:\Mata Kuliah sem 5\PADSI\salonkeyla\vendor\codeigniter4\framework\system\CodeIgniter.php(326): CodeIgniter\CodeIgniter->handleRequest(NULL, Object(Config\Cache), false)
#8 D:\Mata Kuliah sem 5\PADSI\salonkeyla\public\index.php(37): CodeIgniter\CodeIgniter->run()
#9 D:\Mata Kuliah sem 5\PADSI\salonkeyla\vendor\codeigniter4\framework\system\Commands\Server\rewrite.php(43): require_once('D:\\Mata Kuliah ...')
#10 {main}
