CRITICAL - 2023-11-22 00:06:42 --> There is no data to insert.
#0 D:\Mata Kuliah sem 5\PADSI\salonkeyla\vendor\codeigniter4\framework\system\BaseModel.php(718): CodeIgniter\Database\Exceptions\DataException::forEmptyDataset('insert')
#1 D:\Mata Kuliah sem 5\PADSI\salonkeyla\vendor\codeigniter4\framework\system\Model.php(625): CodeIgniter\BaseModel->insert(Array, true)
#2 D:\Mata Kuliah sem 5\PADSI\salonkeyla\app\Controllers\Pembelian.php(161): CodeIgniter\Model->insert(Array)
#3 D:\Mata Kuliah sem 5\PADSI\salonkeyla\vendor\codeigniter4\framework\system\CodeIgniter.php(832): App\Controllers\Pembelian->pembayaran()
#4 D:\Mata Kuliah sem 5\PADSI\salonkeyla\vendor\codeigniter4\framework\system\CodeIgniter.php(419): CodeIgniter\CodeIgniter->runController(Object(App\Controllers\Pembelian))
#5 D:\Mata Kuliah sem 5\PADSI\salonkeyla\vendor\codeigniter4\framework\system\CodeIgniter.php(326): CodeIgniter\CodeIgniter->handleRequest(NULL, Object(Config\Cache), false)
#6 D:\Mata Kuliah sem 5\PADSI\salonkeyla\public\index.php(37): CodeIgniter\CodeIgniter->run()
#7 D:\Mata Kuliah sem 5\PADSI\salonkeyla\vendor\codeigniter4\framework\system\Commands\Server\rewrite.php(43): require_once('D:\\Mata Kuliah ...')
#8 {main}
CRITICAL - 2023-11-22 00:06:45 --> There is no data to insert.
#0 D:\Mata Kuliah sem 5\PADSI\salonkeyla\vendor\codeigniter4\framework\system\BaseModel.php(718): CodeIgniter\Database\Exceptions\DataException::forEmptyDataset('insert')
#1 D:\Mata Kuliah sem 5\PADSI\salonkeyla\vendor\codeigniter4\framework\system\Model.php(625): CodeIgniter\BaseModel->insert(Array, true)
#2 D:\Mata Kuliah sem 5\PADSI\salonkeyla\app\Controllers\Pembelian.php(161): CodeIgniter\Model->insert(Array)
#3 D:\Mata Kuliah sem 5\PADSI\salonkeyla\vendor\codeigniter4\framework\system\CodeIgniter.php(832): App\Controllers\Pembelian->pembayaran()
#4 D:\Mata Kuliah sem 5\PADSI\salonkeyla\vendor\codeigniter4\framework\system\CodeIgniter.php(419): CodeIgniter\CodeIgniter->runController(Object(App\Controllers\Pembelian))
#5 D:\Mata Kuliah sem 5\PADSI\salonkeyla\vendor\codeigniter4\framework\system\CodeIgniter.php(326): CodeIgniter\CodeIgniter->handleRequest(NULL, Object(Config\Cache), false)
#6 D:\Mata Kuliah sem 5\PADSI\salonkeyla\public\index.php(37): CodeIgniter\CodeIgniter->run()
#7 D:\Mata Kuliah sem 5\PADSI\salonkeyla\vendor\codeigniter4\framework\system\Commands\Server\rewrite.php(43): require_once('D:\\Mata Kuliah ...')
#8 {main}
CRITICAL - 2023-11-22 00:06:45 --> There is no data to insert.
#0 D:\Mata Kuliah sem 5\PADSI\salonkeyla\vendor\codeigniter4\framework\system\BaseModel.php(718): CodeIgniter\Database\Exceptions\DataException::forEmptyDataset('insert')
#1 D:\Mata Kuliah sem 5\PADSI\salonkeyla\vendor\codeigniter4\framework\system\Model.php(625): CodeIgniter\BaseModel->insert(Array, true)
#2 D:\Mata Kuliah sem 5\PADSI\salonkeyla\app\Controllers\Pembelian.php(161): CodeIgniter\Model->insert(Array)
#3 D:\Mata Kuliah sem 5\PADSI\salonkeyla\vendor\codeigniter4\framework\system\CodeIgniter.php(832): App\Controllers\Pembelian->pembayaran()
#4 D:\Mata Kuliah sem 5\PADSI\salonkeyla\vendor\codeigniter4\framework\system\CodeIgniter.php(419): CodeIgniter\CodeIgniter->runController(Object(App\Controllers\Pembelian))
#5 D:\Mata Kuliah sem 5\PADSI\salonkeyla\vendor\codeigniter4\framework\system\CodeIgniter.php(326): CodeIgniter\CodeIgniter->handleRequest(NULL, Object(Config\Cache), false)
#6 D:\Mata Kuliah sem 5\PADSI\salonkeyla\public\index.php(37): CodeIgniter\CodeIgniter->run()
#7 D:\Mata Kuliah sem 5\PADSI\salonkeyla\vendor\codeigniter4\framework\system\Commands\Server\rewrite.php(43): require_once('D:\\Mata Kuliah ...')
#8 {main}
CRITICAL - 2023-11-22 00:07:48 --> There is no data to insert.
#0 D:\Mata Kuliah sem 5\PADSI\salonkeyla\vendor\codeigniter4\framework\system\BaseModel.php(718): CodeIgniter\Database\Exceptions\DataException::forEmptyDataset('insert')
#1 D:\Mata Kuliah sem 5\PADSI\salonkeyla\vendor\codeigniter4\framework\system\Model.php(625): CodeIgniter\BaseModel->insert(Array, true)
#2 D:\Mata Kuliah sem 5\PADSI\salonkeyla\app\Controllers\Pembelian.php(161): CodeIgniter\Model->insert(Array)
#3 D:\Mata Kuliah sem 5\PADSI\salonkeyla\vendor\codeigniter4\framework\system\CodeIgniter.php(832): App\Controllers\Pembelian->pembayaran()
#4 D:\Mata Kuliah sem 5\PADSI\salonkeyla\vendor\codeigniter4\framework\system\CodeIgniter.php(419): CodeIgniter\CodeIgniter->runController(Object(App\Controllers\Pembelian))
#5 D:\Mata Kuliah sem 5\PADSI\salonkeyla\vendor\codeigniter4\framework\system\CodeIgniter.php(326): CodeIgniter\CodeIgniter->handleRequest(NULL, Object(Config\Cache), false)
#6 D:\Mata Kuliah sem 5\PADSI\salonkeyla\public\index.php(37): CodeIgniter\CodeIgniter->run()
#7 D:\Mata Kuliah sem 5\PADSI\salonkeyla\vendor\codeigniter4\framework\system\Commands\Server\rewrite.php(43): require_once('D:\\Mata Kuliah ...')
#8 {main}
CRITICAL - 2023-11-22 00:11:08 --> There is no data to insert.
#0 D:\Mata Kuliah sem 5\PADSI\salonkeyla\vendor\codeigniter4\framework\system\BaseModel.php(718): CodeIgniter\Database\Exceptions\DataException::forEmptyDataset('insert')
#1 D:\Mata Kuliah sem 5\PADSI\salonkeyla\vendor\codeigniter4\framework\system\Model.php(625): CodeIgniter\BaseModel->insert(Array, true)
#2 D:\Mata Kuliah sem 5\PADSI\salonkeyla\app\Controllers\Pembelian.php(161): CodeIgniter\Model->insert(Array)
#3 D:\Mata Kuliah sem 5\PADSI\salonkeyla\vendor\codeigniter4\framework\system\CodeIgniter.php(832): App\Controllers\Pembelian->pembayaran()
#4 D:\Mata Kuliah sem 5\PADSI\salonkeyla\vendor\codeigniter4\framework\system\CodeIgniter.php(419): CodeIgniter\CodeIgniter->runController(Object(App\Controllers\Pembelian))
#5 D:\Mata Kuliah sem 5\PADSI\salonkeyla\vendor\codeigniter4\framework\system\CodeIgniter.php(326): CodeIgniter\CodeIgniter->handleRequest(NULL, Object(Config\Cache), false)
#6 D:\Mata Kuliah sem 5\PADSI\salonkeyla\public\index.php(37): CodeIgniter\CodeIgniter->run()
#7 D:\Mata Kuliah sem 5\PADSI\salonkeyla\vendor\codeigniter4\framework\system\Commands\Server\rewrite.php(43): require_once('D:\\Mata Kuliah ...')
#8 {main}
ERROR - 2023-11-22 00:19:21 --> You have an error in your SQL syntax; check the manual that corresponds to your MariaDB server version for the right syntax to use near ':0:
AND 1 = :1:
AND `stok`.`deleted_at` IS NULL
 LIMIT 1' at line 3
CRITICAL - 2023-11-22 00:19:21 --> You have an error in your SQL syntax; check the manual that corresponds to your MariaDB server version for the right syntax to use near ':0:
AND 1 = :1:
AND `stok`.`deleted_at` IS NULL
 LIMIT 1' at line 3
#0 D:\Mata Kuliah sem 5\PADSI\salonkeyla\vendor\codeigniter4\framework\system\Database\MySQLi\Connection.php(292): mysqli->query('SELECT *\nFROM `...', 0)
#1 D:\Mata Kuliah sem 5\PADSI\salonkeyla\vendor\codeigniter4\framework\system\Database\BaseConnection.php(670): CodeIgniter\Database\MySQLi\Connection->execute('SELECT *\nFROM `...')
#2 D:\Mata Kuliah sem 5\PADSI\salonkeyla\vendor\codeigniter4\framework\system\Database\BaseConnection.php(598): CodeIgniter\Database\BaseConnection->simpleQuery('SELECT *\nFROM `...')
#3 D:\Mata Kuliah sem 5\PADSI\salonkeyla\vendor\codeigniter4\framework\system\Database\BaseBuilder.php(1455): CodeIgniter\Database\BaseConnection->query('SELECT *\nFROM `...', Array, false)
#4 D:\Mata Kuliah sem 5\PADSI\salonkeyla\vendor\codeigniter4\framework\system\Model.php(210): CodeIgniter\Database\BaseBuilder->get()
#5 D:\Mata Kuliah sem 5\PADSI\salonkeyla\vendor\codeigniter4\framework\system\BaseModel.php(622): CodeIgniter\Model->doFirst()
#6 D:\Mata Kuliah sem 5\PADSI\salonkeyla\app\Controllers\Pembelian.php(158): CodeIgniter\BaseModel->first()
#7 D:\Mata Kuliah sem 5\PADSI\salonkeyla\vendor\codeigniter4\framework\system\CodeIgniter.php(832): App\Controllers\Pembelian->pembayaran()
#8 D:\Mata Kuliah sem 5\PADSI\salonkeyla\vendor\codeigniter4\framework\system\CodeIgniter.php(419): CodeIgniter\CodeIgniter->runController(Object(App\Controllers\Pembelian))
#9 D:\Mata Kuliah sem 5\PADSI\salonkeyla\vendor\codeigniter4\framework\system\CodeIgniter.php(326): CodeIgniter\CodeIgniter->handleRequest(NULL, Object(Config\Cache), false)
#10 D:\Mata Kuliah sem 5\PADSI\salonkeyla\public\index.php(37): CodeIgniter\CodeIgniter->run()
#11 D:\Mata Kuliah sem 5\PADSI\salonkeyla\vendor\codeigniter4\framework\system\Commands\Server\rewrite.php(43): require_once('D:\\Mata Kuliah ...')
#12 {main}
CRITICAL - 2023-11-22 00:22:10 --> There is no data to insert.
#0 D:\Mata Kuliah sem 5\PADSI\salonkeyla\vendor\codeigniter4\framework\system\BaseModel.php(718): CodeIgniter\Database\Exceptions\DataException::forEmptyDataset('insert')
#1 D:\Mata Kuliah sem 5\PADSI\salonkeyla\vendor\codeigniter4\framework\system\Model.php(625): CodeIgniter\BaseModel->insert(Array, true)
#2 D:\Mata Kuliah sem 5\PADSI\salonkeyla\app\Controllers\Pembelian.php(161): CodeIgniter\Model->insert(Array)
#3 D:\Mata Kuliah sem 5\PADSI\salonkeyla\vendor\codeigniter4\framework\system\CodeIgniter.php(832): App\Controllers\Pembelian->pembayaran()
#4 D:\Mata Kuliah sem 5\PADSI\salonkeyla\vendor\codeigniter4\framework\system\CodeIgniter.php(419): CodeIgniter\CodeIgniter->runController(Object(App\Controllers\Pembelian))
#5 D:\Mata Kuliah sem 5\PADSI\salonkeyla\vendor\codeigniter4\framework\system\CodeIgniter.php(326): CodeIgniter\CodeIgniter->handleRequest(NULL, Object(Config\Cache), false)
#6 D:\Mata Kuliah sem 5\PADSI\salonkeyla\public\index.php(37): CodeIgniter\CodeIgniter->run()
#7 D:\Mata Kuliah sem 5\PADSI\salonkeyla\vendor\codeigniter4\framework\system\Commands\Server\rewrite.php(43): require_once('D:\\Mata Kuliah ...')
#8 {main}
ERROR - 2023-11-22 11:33:43 --> Cannot add or update a child row: a foreign key constraint fails (`salonkeyla`.`detail_penjualan`, CONSTRAINT `detail_penjualan_ibfk_1` FOREIGN KEY (`Id_Penjualan`) REFERENCES `penjualan` (`Id_Penjualan`))
CRITICAL - 2023-11-22 11:33:43 --> Cannot add or update a child row: a foreign key constraint fails (`salonkeyla`.`detail_penjualan`, CONSTRAINT `detail_penjualan_ibfk_1` FOREIGN KEY (`Id_Penjualan`) REFERENCES `penjualan` (`Id_Penjualan`))
#0 D:\Mata Kuliah sem 5\PADSI\salonkeyla\vendor\codeigniter4\framework\system\Database\MySQLi\Connection.php(292): mysqli->query('INSERT INTO `de...', 0)
#1 D:\Mata Kuliah sem 5\PADSI\salonkeyla\vendor\codeigniter4\framework\system\Database\BaseConnection.php(670): CodeIgniter\Database\MySQLi\Connection->execute('INSERT INTO `de...')
#2 D:\Mata Kuliah sem 5\PADSI\salonkeyla\vendor\codeigniter4\framework\system\Database\BaseConnection.php(598): CodeIgniter\Database\BaseConnection->simpleQuery('INSERT INTO `de...')
#3 D:\Mata Kuliah sem 5\PADSI\salonkeyla\vendor\codeigniter4\framework\system\Database\BaseBuilder.php(1771): CodeIgniter\Database\BaseConnection->query('INSERT INTO `de...', Array, false)
#4 D:\Mata Kuliah sem 5\PADSI\salonkeyla\vendor\codeigniter4\framework\system\Model.php(239): CodeIgniter\Database\BaseBuilder->insert()
#5 D:\Mata Kuliah sem 5\PADSI\salonkeyla\vendor\codeigniter4\framework\system\BaseModel.php(738): CodeIgniter\Model->doInsert(Array)
#6 D:\Mata Kuliah sem 5\PADSI\salonkeyla\vendor\codeigniter4\framework\system\Model.php(625): CodeIgniter\BaseModel->insert(Array, false)
#7 D:\Mata Kuliah sem 5\PADSI\salonkeyla\vendor\codeigniter4\framework\system\BaseModel.php(658): CodeIgniter\Model->insert(Array, false)
#8 D:\Mata Kuliah sem 5\PADSI\salonkeyla\app\Controllers\Penjualan.php(208): CodeIgniter\BaseModel->save(Array)
#9 D:\Mata Kuliah sem 5\PADSI\salonkeyla\vendor\codeigniter4\framework\system\CodeIgniter.php(832): App\Controllers\Penjualan->pembayaran()
#10 D:\Mata Kuliah sem 5\PADSI\salonkeyla\vendor\codeigniter4\framework\system\CodeIgniter.php(419): CodeIgniter\CodeIgniter->runController(Object(App\Controllers\Penjualan))
#11 D:\Mata Kuliah sem 5\PADSI\salonkeyla\vendor\codeigniter4\framework\system\CodeIgniter.php(326): CodeIgniter\CodeIgniter->handleRequest(NULL, Object(Config\Cache), false)
#12 D:\Mata Kuliah sem 5\PADSI\salonkeyla\public\index.php(37): CodeIgniter\CodeIgniter->run()
#13 D:\Mata Kuliah sem 5\PADSI\salonkeyla\vendor\codeigniter4\framework\system\Commands\Server\rewrite.php(43): require_once('D:\\Mata Kuliah ...')
#14 {main}
ERROR - 2023-11-22 11:33:48 --> Cannot add or update a child row: a foreign key constraint fails (`salonkeyla`.`detail_penjualan`, CONSTRAINT `detail_penjualan_ibfk_1` FOREIGN KEY (`Id_Penjualan`) REFERENCES `penjualan` (`Id_Penjualan`))
CRITICAL - 2023-11-22 11:33:48 --> Cannot add or update a child row: a foreign key constraint fails (`salonkeyla`.`detail_penjualan`, CONSTRAINT `detail_penjualan_ibfk_1` FOREIGN KEY (`Id_Penjualan`) REFERENCES `penjualan` (`Id_Penjualan`))
#0 D:\Mata Kuliah sem 5\PADSI\salonkeyla\vendor\codeigniter4\framework\system\Database\MySQLi\Connection.php(292): mysqli->query('INSERT INTO `de...', 0)
#1 D:\Mata Kuliah sem 5\PADSI\salonkeyla\vendor\codeigniter4\framework\system\Database\BaseConnection.php(670): CodeIgniter\Database\MySQLi\Connection->execute('INSERT INTO `de...')
#2 D:\Mata Kuliah sem 5\PADSI\salonkeyla\vendor\codeigniter4\framework\system\Database\BaseConnection.php(598): CodeIgniter\Database\BaseConnection->simpleQuery('INSERT INTO `de...')
#3 D:\Mata Kuliah sem 5\PADSI\salonkeyla\vendor\codeigniter4\framework\system\Database\BaseBuilder.php(1771): CodeIgniter\Database\BaseConnection->query('INSERT INTO `de...', Array, false)
#4 D:\Mata Kuliah sem 5\PADSI\salonkeyla\vendor\codeigniter4\framework\system\Model.php(239): CodeIgniter\Database\BaseBuilder->insert()
#5 D:\Mata Kuliah sem 5\PADSI\salonkeyla\vendor\codeigniter4\framework\system\BaseModel.php(738): CodeIgniter\Model->doInsert(Array)
#6 D:\Mata Kuliah sem 5\PADSI\salonkeyla\vendor\codeigniter4\framework\system\Model.php(625): CodeIgniter\BaseModel->insert(Array, false)
#7 D:\Mata Kuliah sem 5\PADSI\salonkeyla\vendor\codeigniter4\framework\system\BaseModel.php(658): CodeIgniter\Model->insert(Array, false)
#8 D:\Mata Kuliah sem 5\PADSI\salonkeyla\app\Controllers\Penjualan.php(208): CodeIgniter\BaseModel->save(Array)
#9 D:\Mata Kuliah sem 5\PADSI\salonkeyla\vendor\codeigniter4\framework\system\CodeIgniter.php(832): App\Controllers\Penjualan->pembayaran()
#10 D:\Mata Kuliah sem 5\PADSI\salonkeyla\vendor\codeigniter4\framework\system\CodeIgniter.php(419): CodeIgniter\CodeIgniter->runController(Object(App\Controllers\Penjualan))
#11 D:\Mata Kuliah sem 5\PADSI\salonkeyla\vendor\codeigniter4\framework\system\CodeIgniter.php(326): CodeIgniter\CodeIgniter->handleRequest(NULL, Object(Config\Cache), false)
#12 D:\Mata Kuliah sem 5\PADSI\salonkeyla\public\index.php(37): CodeIgniter\CodeIgniter->run()
#13 D:\Mata Kuliah sem 5\PADSI\salonkeyla\vendor\codeigniter4\framework\system\Commands\Server\rewrite.php(43): require_once('D:\\Mata Kuliah ...')
#14 {main}
ERROR - 2023-11-22 11:41:18 --> Cannot add or update a child row: a foreign key constraint fails (`salonkeyla`.`detail_penjualan`, CONSTRAINT `detail_penjualan_ibfk_1` FOREIGN KEY (`Id_Penjualan`) REFERENCES `penjualan` (`Id_Penjualan`))
CRITICAL - 2023-11-22 11:41:18 --> Cannot add or update a child row: a foreign key constraint fails (`salonkeyla`.`detail_penjualan`, CONSTRAINT `detail_penjualan_ibfk_1` FOREIGN KEY (`Id_Penjualan`) REFERENCES `penjualan` (`Id_Penjualan`))
#0 D:\Mata Kuliah sem 5\PADSI\salonkeyla\vendor\codeigniter4\framework\system\Database\MySQLi\Connection.php(292): mysqli->query('INSERT INTO `de...', 0)
#1 D:\Mata Kuliah sem 5\PADSI\salonkeyla\vendor\codeigniter4\framework\system\Database\BaseConnection.php(670): CodeIgniter\Database\MySQLi\Connection->execute('INSERT INTO `de...')
#2 D:\Mata Kuliah sem 5\PADSI\salonkeyla\vendor\codeigniter4\framework\system\Database\BaseConnection.php(598): CodeIgniter\Database\BaseConnection->simpleQuery('INSERT INTO `de...')
#3 D:\Mata Kuliah sem 5\PADSI\salonkeyla\vendor\codeigniter4\framework\system\Database\BaseBuilder.php(1771): CodeIgniter\Database\BaseConnection->query('INSERT INTO `de...', Array, false)
#4 D:\Mata Kuliah sem 5\PADSI\salonkeyla\vendor\codeigniter4\framework\system\Model.php(239): CodeIgniter\Database\BaseBuilder->insert()
#5 D:\Mata Kuliah sem 5\PADSI\salonkeyla\vendor\codeigniter4\framework\system\BaseModel.php(738): CodeIgniter\Model->doInsert(Array)
#6 D:\Mata Kuliah sem 5\PADSI\salonkeyla\vendor\codeigniter4\framework\system\Model.php(625): CodeIgniter\BaseModel->insert(Array, false)
#7 D:\Mata Kuliah sem 5\PADSI\salonkeyla\vendor\codeigniter4\framework\system\BaseModel.php(658): CodeIgniter\Model->insert(Array, false)
#8 D:\Mata Kuliah sem 5\PADSI\salonkeyla\app\Controllers\Penjualan.php(208): CodeIgniter\BaseModel->save(Array)
#9 D:\Mata Kuliah sem 5\PADSI\salonkeyla\vendor\codeigniter4\framework\system\CodeIgniter.php(832): App\Controllers\Penjualan->pembayaran()
#10 D:\Mata Kuliah sem 5\PADSI\salonkeyla\vendor\codeigniter4\framework\system\CodeIgniter.php(419): CodeIgniter\CodeIgniter->runController(Object(App\Controllers\Penjualan))
#11 D:\Mata Kuliah sem 5\PADSI\salonkeyla\vendor\codeigniter4\framework\system\CodeIgniter.php(326): CodeIgniter\CodeIgniter->handleRequest(NULL, Object(Config\Cache), false)
#12 D:\Mata Kuliah sem 5\PADSI\salonkeyla\public\index.php(37): CodeIgniter\CodeIgniter->run()
#13 D:\Mata Kuliah sem 5\PADSI\salonkeyla\vendor\codeigniter4\framework\system\Commands\Server\rewrite.php(43): require_once('D:\\Mata Kuliah ...')
#14 {main}
ERROR - 2023-11-22 11:48:43 --> Cannot add or update a child row: a foreign key constraint fails (`salonkeyla`.`detail_penjualan`, CONSTRAINT `detail_penjualan_ibfk_1` FOREIGN KEY (`Id_Penjualan`) REFERENCES `penjualan` (`Id_Penjualan`))
CRITICAL - 2023-11-22 11:48:43 --> Cannot add or update a child row: a foreign key constraint fails (`salonkeyla`.`detail_penjualan`, CONSTRAINT `detail_penjualan_ibfk_1` FOREIGN KEY (`Id_Penjualan`) REFERENCES `penjualan` (`Id_Penjualan`))
#0 D:\Mata Kuliah sem 5\PADSI\salonkeyla\vendor\codeigniter4\framework\system\Database\MySQLi\Connection.php(292): mysqli->query('INSERT INTO `de...', 0)
#1 D:\Mata Kuliah sem 5\PADSI\salonkeyla\vendor\codeigniter4\framework\system\Database\BaseConnection.php(670): CodeIgniter\Database\MySQLi\Connection->execute('INSERT INTO `de...')
#2 D:\Mata Kuliah sem 5\PADSI\salonkeyla\vendor\codeigniter4\framework\system\Database\BaseConnection.php(598): CodeIgniter\Database\BaseConnection->simpleQuery('INSERT INTO `de...')
#3 D:\Mata Kuliah sem 5\PADSI\salonkeyla\vendor\codeigniter4\framework\system\Database\BaseBuilder.php(1771): CodeIgniter\Database\BaseConnection->query('INSERT INTO `de...', Array, false)
#4 D:\Mata Kuliah sem 5\PADSI\salonkeyla\vendor\codeigniter4\framework\system\Model.php(239): CodeIgniter\Database\BaseBuilder->insert()
#5 D:\Mata Kuliah sem 5\PADSI\salonkeyla\vendor\codeigniter4\framework\system\BaseModel.php(738): CodeIgniter\Model->doInsert(Array)
#6 D:\Mata Kuliah sem 5\PADSI\salonkeyla\vendor\codeigniter4\framework\system\Model.php(625): CodeIgniter\BaseModel->insert(Array, false)
#7 D:\Mata Kuliah sem 5\PADSI\salonkeyla\vendor\codeigniter4\framework\system\BaseModel.php(658): CodeIgniter\Model->insert(Array, false)
#8 D:\Mata Kuliah sem 5\PADSI\salonkeyla\app\Controllers\Penjualan.php(209): CodeIgniter\BaseModel->save(Array)
#9 D:\Mata Kuliah sem 5\PADSI\salonkeyla\vendor\codeigniter4\framework\system\CodeIgniter.php(832): App\Controllers\Penjualan->pembayaran()
#10 D:\Mata Kuliah sem 5\PADSI\salonkeyla\vendor\codeigniter4\framework\system\CodeIgniter.php(419): CodeIgniter\CodeIgniter->runController(Object(App\Controllers\Penjualan))
#11 D:\Mata Kuliah sem 5\PADSI\salonkeyla\vendor\codeigniter4\framework\system\CodeIgniter.php(326): CodeIgniter\CodeIgniter->handleRequest(NULL, Object(Config\Cache), false)
#12 D:\Mata Kuliah sem 5\PADSI\salonkeyla\public\index.php(37): CodeIgniter\CodeIgniter->run()
#13 D:\Mata Kuliah sem 5\PADSI\salonkeyla\vendor\codeigniter4\framework\system\Commands\Server\rewrite.php(43): require_once('D:\\Mata Kuliah ...')
#14 {main}
