ERROR - 2023-11-24 23:15:55 --> Unknown column 'us.username' in 'field list'
CRITICAL - 2023-11-24 23:15:55 --> Unknown column 'us.username' in 'field list'
#0 D:\Mata Kuliah sem 5\PADSI\salonkeyla\vendor\codeigniter4\framework\system\Database\MySQLi\Connection.php(292): mysqli->query('SELECT `p`.`Id_...', 0)
#1 D:\Mata Kuliah sem 5\PADSI\salonkeyla\vendor\codeigniter4\framework\system\Database\BaseConnection.php(670): CodeIgniter\Database\MySQLi\Connection->execute('SELECT `p`.`Id_...')
#2 D:\Mata Kuliah sem 5\PADSI\salonkeyla\vendor\codeigniter4\framework\system\Database\BaseConnection.php(598): CodeIgniter\Database\BaseConnection->simpleQuery('SELECT `p`.`Id_...')
#3 D:\Mata Kuliah sem 5\PADSI\salonkeyla\vendor\codeigniter4\framework\system\Database\BaseBuilder.php(1455): CodeIgniter\Database\BaseConnection->query('SELECT `p`.`Id_...', Array, false)
#4 D:\Mata Kuliah sem 5\PADSI\salonkeyla\app\Models\PenjualanModel.php(30): CodeIgniter\Database\BaseBuilder->get()
#5 D:\Mata Kuliah sem 5\PADSI\salonkeyla\app\Controllers\Penjualan.php(241): App\Models\PenjualanModel->getReport('2023-11-01', '2023-11-30')
#6 D:\Mata Kuliah sem 5\PADSI\salonkeyla\vendor\codeigniter4\framework\system\CodeIgniter.php(832): App\Controllers\Penjualan->report()
#7 D:\Mata Kuliah sem 5\PADSI\salonkeyla\vendor\codeigniter4\framework\system\CodeIgniter.php(419): CodeIgniter\CodeIgniter->runController(Object(App\Controllers\Penjualan))
#8 D:\Mata Kuliah sem 5\PADSI\salonkeyla\vendor\codeigniter4\framework\system\CodeIgniter.php(326): CodeIgniter\CodeIgniter->handleRequest(NULL, Object(Config\Cache), false)
#9 D:\Mata Kuliah sem 5\PADSI\salonkeyla\public\index.php(37): CodeIgniter\CodeIgniter->run()
#10 D:\Mata Kuliah sem 5\PADSI\salonkeyla\vendor\codeigniter4\framework\system\Commands\Server\rewrite.php(43): require_once('D:\\Mata Kuliah ...')
#11 {main}
ERROR - 2023-11-24 23:17:15 --> Unknown column 'pd.total_price' in 'field list'
CRITICAL - 2023-11-24 23:17:15 --> Unknown column 'pd.total_price' in 'field list'
#0 D:\Mata Kuliah sem 5\PADSI\salonkeyla\vendor\codeigniter4\framework\system\Database\MySQLi\Connection.php(292): mysqli->query('SELECT `p`.`Id_...', 0)
#1 D:\Mata Kuliah sem 5\PADSI\salonkeyla\vendor\codeigniter4\framework\system\Database\BaseConnection.php(670): CodeIgniter\Database\MySQLi\Connection->execute('SELECT `p`.`Id_...')
#2 D:\Mata Kuliah sem 5\PADSI\salonkeyla\vendor\codeigniter4\framework\system\Database\BaseConnection.php(598): CodeIgniter\Database\BaseConnection->simpleQuery('SELECT `p`.`Id_...')
#3 D:\Mata Kuliah sem 5\PADSI\salonkeyla\vendor\codeigniter4\framework\system\Database\BaseBuilder.php(1455): CodeIgniter\Database\BaseConnection->query('SELECT `p`.`Id_...', Array, false)
#4 D:\Mata Kuliah sem 5\PADSI\salonkeyla\app\Models\PenjualanModel.php(30): CodeIgniter\Database\BaseBuilder->get()
#5 D:\Mata Kuliah sem 5\PADSI\salonkeyla\app\Controllers\Penjualan.php(241): App\Models\PenjualanModel->getReport('2023-11-01', '2023-11-30')
#6 D:\Mata Kuliah sem 5\PADSI\salonkeyla\vendor\codeigniter4\framework\system\CodeIgniter.php(832): App\Controllers\Penjualan->report()
#7 D:\Mata Kuliah sem 5\PADSI\salonkeyla\vendor\codeigniter4\framework\system\CodeIgniter.php(419): CodeIgniter\CodeIgniter->runController(Object(App\Controllers\Penjualan))
#8 D:\Mata Kuliah sem 5\PADSI\salonkeyla\vendor\codeigniter4\framework\system\CodeIgniter.php(326): CodeIgniter\CodeIgniter->handleRequest(NULL, Object(Config\Cache), false)
#9 D:\Mata Kuliah sem 5\PADSI\salonkeyla\public\index.php(37): CodeIgniter\CodeIgniter->run()
#10 D:\Mata Kuliah sem 5\PADSI\salonkeyla\vendor\codeigniter4\framework\system\Commands\Server\rewrite.php(43): require_once('D:\\Mata Kuliah ...')
#11 {main}
CRITICAL - 2023-11-24 23:19:58 --> Call to undefined method CodeIgniter\View\View::extends()
#0 D:\Mata Kuliah sem 5\PADSI\salonkeyla\vendor\codeigniter4\framework\system\View\View.php(210): include()
#1 D:\Mata Kuliah sem 5\PADSI\salonkeyla\vendor\codeigniter4\framework\system\View\View.php(213): CodeIgniter\View\View->CodeIgniter\View\{closure}()
#2 D:\Mata Kuliah sem 5\PADSI\salonkeyla\vendor\codeigniter4\framework\system\Common.php(1089): CodeIgniter\View\View->render('penjualan/repor...', Array, true)
#3 D:\Mata Kuliah sem 5\PADSI\salonkeyla\app\Controllers\Penjualan.php(250): view('penjualan/repor...', Array)
#4 D:\Mata Kuliah sem 5\PADSI\salonkeyla\vendor\codeigniter4\framework\system\CodeIgniter.php(832): App\Controllers\Penjualan->report()
#5 D:\Mata Kuliah sem 5\PADSI\salonkeyla\vendor\codeigniter4\framework\system\CodeIgniter.php(419): CodeIgniter\CodeIgniter->runController(Object(App\Controllers\Penjualan))
#6 D:\Mata Kuliah sem 5\PADSI\salonkeyla\vendor\codeigniter4\framework\system\CodeIgniter.php(326): CodeIgniter\CodeIgniter->handleRequest(NULL, Object(Config\Cache), false)
#7 D:\Mata Kuliah sem 5\PADSI\salonkeyla\public\index.php(37): CodeIgniter\CodeIgniter->run()
#8 D:\Mata Kuliah sem 5\PADSI\salonkeyla\vendor\codeigniter4\framework\system\Commands\Server\rewrite.php(43): require_once('D:\\Mata Kuliah ...')
#9 {main}
CRITICAL - 2023-11-24 23:21:11 --> Call to undefined method CodeIgniter\View\View::extends()
#0 D:\Mata Kuliah sem 5\PADSI\salonkeyla\vendor\codeigniter4\framework\system\View\View.php(210): include()
#1 D:\Mata Kuliah sem 5\PADSI\salonkeyla\vendor\codeigniter4\framework\system\View\View.php(213): CodeIgniter\View\View->CodeIgniter\View\{closure}()
#2 D:\Mata Kuliah sem 5\PADSI\salonkeyla\vendor\codeigniter4\framework\system\Common.php(1089): CodeIgniter\View\View->render('penjualan/repor...', Array, true)
#3 D:\Mata Kuliah sem 5\PADSI\salonkeyla\app\Controllers\Penjualan.php(250): view('penjualan/repor...', Array)
#4 D:\Mata Kuliah sem 5\PADSI\salonkeyla\vendor\codeigniter4\framework\system\CodeIgniter.php(832): App\Controllers\Penjualan->report()
#5 D:\Mata Kuliah sem 5\PADSI\salonkeyla\vendor\codeigniter4\framework\system\CodeIgniter.php(419): CodeIgniter\CodeIgniter->runController(Object(App\Controllers\Penjualan))
#6 D:\Mata Kuliah sem 5\PADSI\salonkeyla\vendor\codeigniter4\framework\system\CodeIgniter.php(326): CodeIgniter\CodeIgniter->handleRequest(NULL, Object(Config\Cache), false)
#7 D:\Mata Kuliah sem 5\PADSI\salonkeyla\public\index.php(37): CodeIgniter\CodeIgniter->run()
#8 D:\Mata Kuliah sem 5\PADSI\salonkeyla\vendor\codeigniter4\framework\system\Commands\Server\rewrite.php(43): require_once('D:\\Mata Kuliah ...')
#9 {main}
CRITICAL - 2023-11-24 23:21:13 --> Call to undefined method CodeIgniter\View\View::extends()
#0 D:\Mata Kuliah sem 5\PADSI\salonkeyla\vendor\codeigniter4\framework\system\View\View.php(210): include()
#1 D:\Mata Kuliah sem 5\PADSI\salonkeyla\vendor\codeigniter4\framework\system\View\View.php(213): CodeIgniter\View\View->CodeIgniter\View\{closure}()
#2 D:\Mata Kuliah sem 5\PADSI\salonkeyla\vendor\codeigniter4\framework\system\Common.php(1089): CodeIgniter\View\View->render('penjualan/repor...', Array, true)
#3 D:\Mata Kuliah sem 5\PADSI\salonkeyla\app\Controllers\Penjualan.php(250): view('penjualan/repor...', Array)
#4 D:\Mata Kuliah sem 5\PADSI\salonkeyla\vendor\codeigniter4\framework\system\CodeIgniter.php(832): App\Controllers\Penjualan->report()
#5 D:\Mata Kuliah sem 5\PADSI\salonkeyla\vendor\codeigniter4\framework\system\CodeIgniter.php(419): CodeIgniter\CodeIgniter->runController(Object(App\Controllers\Penjualan))
#6 D:\Mata Kuliah sem 5\PADSI\salonkeyla\vendor\codeigniter4\framework\system\CodeIgniter.php(326): CodeIgniter\CodeIgniter->handleRequest(NULL, Object(Config\Cache), false)
#7 D:\Mata Kuliah sem 5\PADSI\salonkeyla\public\index.php(37): CodeIgniter\CodeIgniter->run()
#8 D:\Mata Kuliah sem 5\PADSI\salonkeyla\vendor\codeigniter4\framework\system\Commands\Server\rewrite.php(43): require_once('D:\\Mata Kuliah ...')
#9 {main}
CRITICAL - 2023-11-24 23:21:28 --> Call to undefined method CodeIgniter\View\View::extends()
#0 D:\Mata Kuliah sem 5\PADSI\salonkeyla\vendor\codeigniter4\framework\system\View\View.php(210): include()
#1 D:\Mata Kuliah sem 5\PADSI\salonkeyla\vendor\codeigniter4\framework\system\View\View.php(213): CodeIgniter\View\View->CodeIgniter\View\{closure}()
#2 D:\Mata Kuliah sem 5\PADSI\salonkeyla\vendor\codeigniter4\framework\system\Common.php(1089): CodeIgniter\View\View->render('penjualan/repor...', Array, true)
#3 D:\Mata Kuliah sem 5\PADSI\salonkeyla\app\Controllers\Penjualan.php(250): view('penjualan/repor...', Array)
#4 D:\Mata Kuliah sem 5\PADSI\salonkeyla\vendor\codeigniter4\framework\system\CodeIgniter.php(832): App\Controllers\Penjualan->report()
#5 D:\Mata Kuliah sem 5\PADSI\salonkeyla\vendor\codeigniter4\framework\system\CodeIgniter.php(419): CodeIgniter\CodeIgniter->runController(Object(App\Controllers\Penjualan))
#6 D:\Mata Kuliah sem 5\PADSI\salonkeyla\vendor\codeigniter4\framework\system\CodeIgniter.php(326): CodeIgniter\CodeIgniter->handleRequest(NULL, Object(Config\Cache), false)
#7 D:\Mata Kuliah sem 5\PADSI\salonkeyla\public\index.php(37): CodeIgniter\CodeIgniter->run()
#8 D:\Mata Kuliah sem 5\PADSI\salonkeyla\vendor\codeigniter4\framework\system\Commands\Server\rewrite.php(43): require_once('D:\\Mata Kuliah ...')
#9 {main}
CRITICAL - 2023-11-24 23:31:40 --> Undefined index: Nama_Pelanggan
#0 D:\Mata Kuliah sem 5\PADSI\salonkeyla\app\Views\penjualan\report.php(38): CodeIgniter\Debug\Exceptions->errorHandler(8, 'Undefined index...', 'D:\\Mata Kuliah ...', 38, Array)
#1 D:\Mata Kuliah sem 5\PADSI\salonkeyla\vendor\codeigniter4\framework\system\View\View.php(210): include('D:\\Mata Kuliah ...')
#2 D:\Mata Kuliah sem 5\PADSI\salonkeyla\vendor\codeigniter4\framework\system\View\View.php(213): CodeIgniter\View\View->CodeIgniter\View\{closure}()
#3 D:\Mata Kuliah sem 5\PADSI\salonkeyla\vendor\codeigniter4\framework\system\Common.php(1089): CodeIgniter\View\View->render('penjualan/repor...', Array, true)
#4 D:\Mata Kuliah sem 5\PADSI\salonkeyla\app\Controllers\Penjualan.php(250): view('penjualan/repor...', Array)
#5 D:\Mata Kuliah sem 5\PADSI\salonkeyla\vendor\codeigniter4\framework\system\CodeIgniter.php(832): App\Controllers\Penjualan->report()
#6 D:\Mata Kuliah sem 5\PADSI\salonkeyla\vendor\codeigniter4\framework\system\CodeIgniter.php(419): CodeIgniter\CodeIgniter->runController(Object(App\Controllers\Penjualan))
#7 D:\Mata Kuliah sem 5\PADSI\salonkeyla\vendor\codeigniter4\framework\system\CodeIgniter.php(326): CodeIgniter\CodeIgniter->handleRequest(NULL, Object(Config\Cache), false)
#8 D:\Mata Kuliah sem 5\PADSI\salonkeyla\public\index.php(37): CodeIgniter\CodeIgniter->run()
#9 D:\Mata Kuliah sem 5\PADSI\salonkeyla\vendor\codeigniter4\framework\system\Commands\Server\rewrite.php(43): require_once('D:\\Mata Kuliah ...')
#10 {main}
CRITICAL - 2023-11-24 23:58:45 --> Undefined index: id_penjualan
#0 D:\Mata Kuliah sem 5\PADSI\salonkeyla\app\Views\penjualan\report.php(41): CodeIgniter\Debug\Exceptions->errorHandler(8, 'Undefined index...', 'D:\\Mata Kuliah ...', 41, Array)
#1 D:\Mata Kuliah sem 5\PADSI\salonkeyla\vendor\codeigniter4\framework\system\View\View.php(210): include('D:\\Mata Kuliah ...')
#2 D:\Mata Kuliah sem 5\PADSI\salonkeyla\vendor\codeigniter4\framework\system\View\View.php(213): CodeIgniter\View\View->CodeIgniter\View\{closure}()
#3 D:\Mata Kuliah sem 5\PADSI\salonkeyla\vendor\codeigniter4\framework\system\Common.php(1089): CodeIgniter\View\View->render('penjualan/repor...', Array, true)
#4 D:\Mata Kuliah sem 5\PADSI\salonkeyla\app\Controllers\Penjualan.php(250): view('penjualan/repor...', Array)
#5 D:\Mata Kuliah sem 5\PADSI\salonkeyla\vendor\codeigniter4\framework\system\CodeIgniter.php(832): App\Controllers\Penjualan->report()
#6 D:\Mata Kuliah sem 5\PADSI\salonkeyla\vendor\codeigniter4\framework\system\CodeIgniter.php(419): CodeIgniter\CodeIgniter->runController(Object(App\Controllers\Penjualan))
#7 D:\Mata Kuliah sem 5\PADSI\salonkeyla\vendor\codeigniter4\framework\system\CodeIgniter.php(326): CodeIgniter\CodeIgniter->handleRequest(NULL, Object(Config\Cache), false)
#8 D:\Mata Kuliah sem 5\PADSI\salonkeyla\public\index.php(37): CodeIgniter\CodeIgniter->run()
#9 D:\Mata Kuliah sem 5\PADSI\salonkeyla\vendor\codeigniter4\framework\system\Commands\Server\rewrite.php(43): require_once('D:\\Mata Kuliah ...')
#10 {main}
